<?xml version="1.0" encoding="UTF-8"?>
<!-- Generated by org.testng.reporters.JUnitReportReporter -->
<testsuite hostname="DESKTOP-3KCLKI1" failures="0" tests="1" name="testscript.regression.HybridPom" time="27.209" errors="1" timestamp="2024-04-13T17:35:16 IST" skipped="0">
  <testcase classname="testscript.regression.HybridPom" name="loginTest" time="27.209">
    <error message="Parameter &#039;srcDir&#039; is not a directory: &#039;C:\Users\ADMIN\AppData\Local\Temp\screenshot14389602540791090745.png&#039;" type="java.lang.IllegalArgumentException">
      <![CDATA[java.lang.IllegalArgumentException: Parameter 'srcDir' is not a directory: 'C:\Users\ADMIN\AppData\Local\Temp\screenshot14389602540791090745.png'
at org.apache.commons.io.FileUtils.requireDirectory(FileUtils.java:2736)
at org.apache.commons.io.FileUtils.copyDirectory(FileUtils.java:668)
at org.apache.commons.io.FileUtils.copyDirectory(FileUtils.java:615)
at org.apache.commons.io.FileUtils.copyDirectory(FileUtils.java:516)
at org.apache.commons.io.FileUtils.copyDirectory(FileUtils.java:487)
at pages.BasePage.getSS(BasePage.java:70)
at listeners.MyTestListener.onTestSuccess(MyTestListener.java:23)
at org.testng.internal.TestListenerHelper.runTestListeners(TestListenerHelper.java:112)
at org.testng.internal.invokers.TestInvoker.runTestResultListener(TestInvoker.java:262)
at org.testng.internal.invokers.TestInvoker.invokeMethod(TestInvoker.java:751)
at org.testng.internal.invokers.TestInvoker.invokeTestMethod(TestInvoker.java:227)
at org.testng.internal.invokers.MethodRunner.runInSequence(MethodRunner.java:50)
at org.testng.internal.invokers.TestInvoker$MethodInvocationAgent.invoke(TestInvoker.java:957)
at org.testng.internal.invokers.TestInvoker.invokeTestMethods(TestInvoker.java:200)
at org.testng.internal.invokers.TestMethodWorker.invokeTestMethods(TestMethodWorker.java:148)
at org.testng.internal.invokers.TestMethodWorker.run(TestMethodWorker.java:128)
at java.base/java.util.ArrayList.forEach(ArrayList.java:1511)
at org.testng.TestRunner.privateRun(TestRunner.java:848)
at org.testng.TestRunner.run(TestRunner.java:621)
at org.testng.SuiteRunner.runTest(SuiteRunner.java:443)
at org.testng.SuiteRunner.runSequentially(SuiteRunner.java:437)
at org.testng.SuiteRunner.privateRun(SuiteRunner.java:397)
at org.testng.SuiteRunner.run(SuiteRunner.java:336)
at org.testng.SuiteRunnerWorker.runSuite(SuiteRunnerWorker.java:52)
at org.testng.SuiteRunnerWorker.run(SuiteRunnerWorker.java:95)
at org.testng.TestNG.runSuitesSequentially(TestNG.java:1280)
at org.testng.TestNG.runSuitesLocally(TestNG.java:1200)
at org.testng.TestNG.runSuites(TestNG.java:1114)
at org.testng.TestNG.run(TestNG.java:1082)
at org.testng.remote.AbstractRemoteTestNG.run(AbstractRemoteTestNG.java:115)
at org.testng.remote.RemoteTestNG.initAndRun(RemoteTestNG.java:251)
at org.testng.remote.RemoteTestNG.main(RemoteTestNG.java:77)
]]>
    </error>
  </testcase> <!-- loginTest -->
</testsuite> <!-- testscript.regression.HybridPom -->
